LayoutsDemos/Layouts-Demo/build/outputs/logs/manifest-merger-debug-report.txt
-- Merging decision tree log ---
manifest
ADDED from src/main/AndroidManifest.xml:1:1-86:12
	package
		ADDED from src/main/AndroidManifest.xml:2:5-40
	android:versionName
		INJECTED from src/main/AndroidManifest.xml
		INJECTED from src/main/AndroidManifest.xml
	xmlns:android
		ADDED from src/main/AndroidManifest.xml:1:11-69
	android:versionCode
		INJECTED from src/main/AndroidManifest.xml
		INJECTED from src/main/AndroidManifest.xml
uses-sdk
ADDED from src/main/AndroidManifest.xml:4:5-72
MERGED from [com.android.support:appcompat-v7:21.0.3] AndroidManifest.xml:15:5-42
MERGED from [com.android.support:support-v4:21.0.3] AndroidManifest.xml:15:5-42
MERGED from [com.android.support:support-v4:21.0.3] AndroidManifest.xml:15:5-42
MERGED from [LayoutsDemos:Default-Skin:unspecified] AndroidManifest.xml:7:5-9:41
MERGED from [com.android.support:appcompat-v7:21.0.3] AndroidManifest.xml:15:5-42
MERGED from [com.android.support:support-v4:21.0.3] AndroidManifest.xml:15:5-42
	android:targetSdkVersion
		ADDED from src/main/AndroidManifest.xml:4:41-70
		INJECTED from src/main/AndroidManifest.xml
		INJECTED from src/main/AndroidManifest.xml
	android:minSdkVersion
		ADDED from src/main/AndroidManifest.xml:4:15-40
		INJECTED from src/main/AndroidManifest.xml
		INJECTED from src/main/AndroidManifest.xml
application
ADDED from src/main/AndroidManifest.xml:5:5-84:19
MERGED from [com.android.support:appcompat-v7:21.0.3] AndroidManifest.xml:16:5-19
MERGED from [com.android.support:support-v4:21.0.3] AndroidManifest.xml:16:5-19
MERGED from [com.android.support:support-v4:21.0.3] AndroidManifest.xml:16:5-19
MERGED from [LayoutsDemos:Default-Skin:unspecified] AndroidManifest.xml:11:5-47
MERGED from [com.android.support:appcompat-v7:21.0.3] AndroidManifest.xml:16:5-19
MERGED from [com.android.support:support-v4:21.0.3] AndroidManifest.xml:16:5-19
	android:label
		ADDED from src/main/AndroidManifest.xml:6:9-41
	android:icon
		ADDED from src/main/AndroidManifest.xml:7:9-45
	android:allowBackup
		ADDED from [LayoutsDemos:Default-Skin:unspecified] AndroidManifest.xml:11:18-44
	android:theme
		ADDED from src/main/AndroidManifest.xml:9:9-40
	android:name
		ADDED from src/main/AndroidManifest.xml:8:9-41
activity#com.droidux.demos.layouts.DroidUXDemos
ADDED from src/main/AndroidManifest.xml:11:9-17:20
	android:name
		ADDED from src/main/AndroidManifest.xml:11:19-46
intent-filter#android.intent.action.MAIN+android.intent.category.LAUNCHER
ADDED from src/main/AndroidManifest.xml:12:13-16:29
action#android.intent.action.MAIN
ADDED from src/main/AndroidManifest.xml:13:17-68
	android:name
		ADDED from src/main/AndroidManifest.xml:13:25-66
category#android.intent.category.LAUNCHER
ADDED from src/main/AndroidManifest.xml:15:17-76
	android:name
		ADDED from src/main/AndroidManifest.xml:15:27-74
activity#com.droidux.demos.layouts.internal.DroidUXDemosBrowser
ADDED from src/main/AndroidManifest.xml:18:9-65
	android:name
		ADDED from src/main/AndroidManifest.xml:18:19-63
activity#com.droidux.demos.layouts.ReflectionLayoutTest
ADDED from src/main/AndroidManifest.xml:19:9-28:20
	android:label
		ADDED from src/main/AndroidManifest.xml:21:13-62
	android:hardwareAccelerated
		ADDED from src/main/AndroidManifest.xml:22:13-48
	android:name
		ADDED from src/main/AndroidManifest.xml:20:13-49
intent-filter#android.intent.action.MAIN+com.droidux.intent.category.DEMOS_LAYOUTS
ADDED from src/main/AndroidManifest.xml:24:13-27:29
category#com.droidux.intent.category.DEMOS_LAYOUTS
ADDED from src/main/AndroidManifest.xml:26:17-85
	android:name
		ADDED from src/main/AndroidManifest.xml:26:27-83
activity#com.droidux.demos.layouts.ReflectionLayoutEffectTest
ADDED from src/main/AndroidManifest.xml:29:9-38:20
	android:label
		ADDED from src/main/AndroidManifest.xml:31:13-69
	android:hardwareAccelerated
		ADDED from src/main/AndroidManifest.xml:32:13-48
	android:name
		ADDED from src/main/AndroidManifest.xml:30:13-55
activity#com.droidux.demos.layouts.ReflectionDrawableTest
ADDED from src/main/AndroidManifest.xml:39:9-47:20
	android:label
		ADDED from src/main/AndroidManifest.xml:41:13-65
	android:name
		ADDED from src/main/AndroidManifest.xml:40:13-51
activity#com.droidux.demos.layouts.MaskedLayoutTest
ADDED from src/main/AndroidManifest.xml:48:9-56:20
	android:label
		ADDED from src/main/AndroidManifest.xml:50:13-59
	android:name
		ADDED from src/main/AndroidManifest.xml:49:13-45
activity#com.droidux.demos.layouts.MaskedDrawableTest
ADDED from src/main/AndroidManifest.xml:57:9-65:20
	android:label
		ADDED from src/main/AndroidManifest.xml:59:13-61
	android:name
		ADDED from src/main/AndroidManifest.xml:58:13-47
activity#com.droidux.demos.layouts.CurtainFoldLayoutTest
ADDED from src/main/AndroidManifest.xml:66:9-74:20
	android:label
		ADDED from src/main/AndroidManifest.xml:68:13-58
	android:name
		ADDED from src/main/AndroidManifest.xml:67:13-50
activity#com.droidux.demos.layouts.AvatarImageViewTest
ADDED from src/main/AndroidManifest.xml:75:9-83:20
	android:label
		ADDED from src/main/AndroidManifest.xml:77:13-61
	android:name
		ADDED from src/main/AndroidManifest.xml:76:13-48